0 info it worked if it ends with ok
1 verbose cli [ '/usr/local/bin/node', '/usr/local/bin/npm', 'start' ]
2 info using npm@3.10.10
3 info using node@v6.11.4
4 verbose run-script [ 'prestart', 'start', 'poststart' ]
5 info lifecycle acuris@1.0.0~prestart: acuris@1.0.0
6 silly lifecycle acuris@1.0.0~prestart: no script for prestart, continuing
7 info lifecycle acuris@1.0.0~start: acuris@1.0.0
8 verbose lifecycle acuris@1.0.0~start: unsafe-perm in lifecycle true
9 verbose lifecycle acuris@1.0.0~start: PATH: /usr/local/lib/node_modules/npm/bin/node-gyp-bin:/Users/oleglukyanov/Dropbox/Projects/acuris_tech_test/node_modules/.bin:/Users/oleglukyanov/.rvm/gems/ruby-2.4.0/bin:/Users/oleglukyanov/.rvm/gems/ruby-2.4.0@global/bin:/Users/oleglukyanov/.rvm/rubies/ruby-2.4.0/bin:/usr/local/bin:/usr/bin:/bin:/usr/sbin:/sbin:/opt/X11/bin:/Applications/Server.app/Contents/ServerRoot/usr/bin:/Applications/Server.app/Contents/ServerRoot/usr/sbin:/usr/local/go/bin:/Users/oleglukyanov/.rvm/bin
10 verbose lifecycle acuris@1.0.0~start: CWD: /Users/oleglukyanov/Dropbox/Projects/acuris_tech_test
11 silly lifecycle acuris@1.0.0~start: Args: [ '-c', 'node src/index.js' ]
12 silly lifecycle acuris@1.0.0~start: Returned: code: 1  signal: null
13 info lifecycle acuris@1.0.0~start: Failed to exec start script
14 verbose stack Error: acuris@1.0.0 start: `node src/index.js`
14 verbose stack Exit status 1
14 verbose stack     at EventEmitter.<anonymous> (/usr/local/lib/node_modules/npm/lib/utils/lifecycle.js:255:16)
14 verbose stack     at emitTwo (events.js:106:13)
14 verbose stack     at EventEmitter.emit (events.js:191:7)
14 verbose stack     at ChildProcess.<anonymous> (/usr/local/lib/node_modules/npm/lib/utils/spawn.js:40:14)
14 verbose stack     at emitTwo (events.js:106:13)
14 verbose stack     at ChildProcess.emit (events.js:191:7)
14 verbose stack     at maybeClose (internal/child_process.js:920:16)
14 verbose stack     at Process.ChildProcess._handle.onexit (internal/child_process.js:230:5)
15 verbose pkgid acuris@1.0.0
16 verbose cwd /Users/oleglukyanov/Dropbox/Projects/acuris_tech_test
17 error Darwin 16.7.0
18 error argv "/usr/local/bin/node" "/usr/local/bin/npm" "start"
19 error node v6.11.4
20 error npm  v3.10.10
21 error code ELIFECYCLE
22 error acuris@1.0.0 start: `node src/index.js`
22 error Exit status 1
23 error Failed at the acuris@1.0.0 start script 'node src/index.js'.
23 error Make sure you have the latest version of node.js and npm installed.
23 error If you do, this is most likely a problem with the acuris package,
23 error not with npm itself.
23 error Tell the author that this fails on your system:
23 error     node src/index.js
23 error You can get information on how to open an issue for this project with:
23 error     npm bugs acuris
23 error Or if that isn't available, you can get their info via:
23 error     npm owner ls acuris
23 error There is likely additional logging output above.
24 verbose exit [ 1, true ]
